d:\rollercoaster\roller coaster\x64\debug\vc142.pdb
d:\rollercoaster\roller coaster\x64\debug\pnt3f.obj
d:\rollercoaster\roller coaster\x64\debug\arcballcam.obj
d:\rollercoaster\roller coaster\x64\debug\3dutils.obj
d:\rollercoaster\roller coaster\x64\debug\triangle.obj
d:\rollercoaster\roller coaster\x64\debug\trainview.obj
d:\rollercoaster\roller coaster\x64\debug\track.obj
d:\rollercoaster\roller coaster\x64\debug\square.obj
d:\rollercoaster\roller coaster\x64\debug\main.obj
d:\rollercoaster\roller coaster\x64\debug\controlpoint.obj
d:\rollercoaster\roller coaster\x64\debug\appmain.obj
d:\rollercoaster\roller coaster\x64\debug\moc_trainview.obj
d:\rollercoaster\roller coaster\x64\debug\moc_appmain.obj
d:\rollercoaster\roller coaster\x64\debug\qrc_appmain.obj
c:\users\user\desktop\project03-rollercoaster\ntust-108cg-project03-rollercoaster\rollercoaster\roller coaster\x64\debug\vc142.pdb
c:\users\user\desktop\project03-rollercoaster\ntust-108cg-project03-rollercoaster\rollercoaster\roller coaster\x64\debug\pnt3f.obj
c:\users\user\desktop\project03-rollercoaster\ntust-108cg-project03-rollercoaster\rollercoaster\roller coaster\x64\debug\arcballcam.obj
c:\users\user\desktop\project03-rollercoaster\ntust-108cg-project03-rollercoaster\rollercoaster\roller coaster\x64\debug\3dutils.obj
c:\users\user\desktop\project03-rollercoaster\ntust-108cg-project03-rollercoaster\rollercoaster\roller coaster\x64\debug\triangle.obj
c:\users\user\desktop\project03-rollercoaster\ntust-108cg-project03-rollercoaster\rollercoaster\roller coaster\x64\debug\trainview.obj
c:\users\user\desktop\project03-rollercoaster\ntust-108cg-project03-rollercoaster\rollercoaster\roller coaster\x64\debug\track.obj
c:\users\user\desktop\project03-rollercoaster\ntust-108cg-project03-rollercoaster\rollercoaster\roller coaster\x64\debug\square.obj
c:\users\user\desktop\project03-rollercoaster\ntust-108cg-project03-rollercoaster\rollercoaster\roller coaster\x64\debug\main.obj
c:\users\user\desktop\project03-rollercoaster\ntust-108cg-project03-rollercoaster\rollercoaster\roller coaster\x64\debug\controlpoint.obj
c:\users\user\desktop\project03-rollercoaster\ntust-108cg-project03-rollercoaster\rollercoaster\roller coaster\x64\debug\appmain.obj
c:\users\user\desktop\project03-rollercoaster\ntust-108cg-project03-rollercoaster\rollercoaster\roller coaster\x64\debug\moc_trainview.obj
c:\users\user\desktop\project03-rollercoaster\ntust-108cg-project03-rollercoaster\rollercoaster\roller coaster\x64\debug\moc_appmain.obj
c:\users\user\desktop\project03-rollercoaster\ntust-108cg-project03-rollercoaster\rollercoaster\roller coaster\x64\debug\vector.obj
c:\users\user\desktop\project03-rollercoaster\ntust-108cg-project03-rollercoaster\rollercoaster\roller coaster\x64\debug\model.obj
c:\users\user\desktop\project03-rollercoaster\ntust-108cg-project03-rollercoaster\rollercoaster\roller coaster\x64\debug\cbmploader.obj
c:\users\user\desktop\project03-rollercoaster\ntust-108cg-project03-rollercoaster\rollercoaster\roller coaster\x64\debug\3dsloader.obj
c:\users\user\desktop\project03-rollercoaster\ntust-108cg-project03-rollercoaster\rollercoaster\roller coaster\x64\debug\qrc_appmain.obj
c:\users\user\desktop\project03-rollercoaster\ntust-108cg-project03-rollercoaster\rollercoaster\roller coaster\generatedfiles\ui_appmain.h
c:\users\user\desktop\project03-rollercoaster\ntust-108cg-project03-rollercoaster\rollercoaster\roller coaster\generatedfiles\debug\moc_trainview.cpp
c:\users\user\desktop\project03-rollercoaster\ntust-108cg-project03-rollercoaster\rollercoaster\roller coaster\generatedfiles\debug\moc_appmain.cpp
c:\users\user\desktop\project03-rollercoaster\ntust-108cg-project03-rollercoaster\rollercoaster\roller coaster\generatedfiles\qrc_appmain.cpp
d:\rollercoaster\x64\debug\roller coaster.exe
d:\rollercoaster\x64\debug\roller coaster.ilk
d:\rollercoaster\x64\debug\roller coaster.pdb
c:\users\user\desktop\project03-rollercoaster\ntust-108cg-project03-rollercoaster\rollercoaster\x64\debug\roller coaster.exe
c:\users\user\desktop\project03-rollercoaster\ntust-108cg-project03-rollercoaster\rollercoaster\x64\debug\roller coaster.ilk
c:\users\user\desktop\project03-rollercoaster\ntust-108cg-project03-rollercoaster\rollercoaster\x64\debug\roller coaster.pdb
c:\users\user\desktop\project03-rollercoaster\ntust-108cg-project03-rollercoaster\rollercoaster\roller coaster\x64\debug\arrow.obj
c:\users\user\desktop\project03-rollercoaster\ntust-108cg-project03-rollercoaster\rollercoaster\roller coaster\x64\debug\roller coaster.tlog\cl.command.1.tlog
c:\users\user\desktop\project03-rollercoaster\ntust-108cg-project03-rollercoaster\rollercoaster\roller coaster\x64\debug\roller coaster.tlog\cl.read.1.tlog
c:\users\user\desktop\project03-rollercoaster\ntust-108cg-project03-rollercoaster\rollercoaster\roller coaster\x64\debug\roller coaster.tlog\cl.write.1.tlog
c:\users\user\desktop\project03-rollercoaster\ntust-108cg-project03-rollercoaster\rollercoaster\roller coaster\x64\debug\roller coaster.tlog\custombuild.command.1.tlog
c:\users\user\desktop\project03-rollercoaster\ntust-108cg-project03-rollercoaster\rollercoaster\roller coaster\x64\debug\roller coaster.tlog\custombuild.read.1.tlog
c:\users\user\desktop\project03-rollercoaster\ntust-108cg-project03-rollercoaster\rollercoaster\roller coaster\x64\debug\roller coaster.tlog\custombuild.write.1.tlog
c:\users\user\desktop\project03-rollercoaster\ntust-108cg-project03-rollercoaster\rollercoaster\roller coaster\x64\debug\roller coaster.tlog\link.5324.delete.1.tlog
c:\users\user\desktop\project03-rollercoaster\ntust-108cg-project03-rollercoaster\rollercoaster\roller coaster\x64\debug\roller coaster.tlog\link.command.1.tlog
c:\users\user\desktop\project03-rollercoaster\ntust-108cg-project03-rollercoaster\rollercoaster\roller coaster\x64\debug\roller coaster.tlog\link.delete.1.tlog
c:\users\user\desktop\project03-rollercoaster\ntust-108cg-project03-rollercoaster\rollercoaster\roller coaster\x64\debug\roller coaster.tlog\link.read.1.tlog
c:\users\user\desktop\project03-rollercoaster\ntust-108cg-project03-rollercoaster\rollercoaster\roller coaster\x64\debug\roller coaster.tlog\link.write.1.tlog
